{"name":"General - Get Value with Regex","status":"failed","statusDetails":{"known":false,"muted":false,"flaky":false,"message":"expected [01122a113f7377a85655c778b1143914eaa38884o] but found [12314743a98304cdda439493dc0355b64503b2fbo]","trace":"java.lang.AssertionError: expected [01122a113f7377a85655c778b1143914eaa38884o] but found [12314743a98304cdda439493dc0355b64503b2fbo]\n\tat org.testng.Assert.fail(Assert.java:96)\n\tat org.testng.Assert.failNotEquals(Assert.java:776)\n\tat org.testng.Assert.assertEqualsImpl(Assert.java:137)\n\tat org.testng.Assert.assertEquals(Assert.java:118)\n\tat org.testng.Assert.assertEquals(Assert.java:453)\n\tat org.testng.Assert.assertEquals(Assert.java:463)\n\tat librarytest.pages.LoginPage.getCSRFToken(LoginPage.java:102)\n\tat librarytest.testsuit.UnitTest.TC14(UnitTest.java:118)\n\tat java.base/jdk.internal.reflect.NativeMethodAccessorImpl.invoke0(Native Method)\n\tat java.base/jdk.internal.reflect.NativeMethodAccessorImpl.invoke(NativeMethodAccessorImpl.java:62)\n\tat java.base/jdk.internal.reflect.DelegatingMethodAccessorImpl.invoke(DelegatingMethodAccessorImpl.java:43)\n\tat java.base/java.lang.reflect.Method.invoke(Method.java:566)\n\tat org.testng.internal.MethodInvocationHelper.invokeMethod(MethodInvocationHelper.java:124)\n\tat org.testng.internal.Invoker.invokeMethod(Invoker.java:583)\n\tat org.testng.internal.Invoker.invokeTestMethod(Invoker.java:719)\n\tat org.testng.internal.Invoker.invokeTestMethods(Invoker.java:989)\n\tat org.testng.internal.TestMethodWorker.invokeTestMethods(TestMethodWorker.java:125)\n\tat org.testng.internal.TestMethodWorker.run(TestMethodWorker.java:109)\n\tat org.testng.TestRunner.privateRun(TestRunner.java:648)\n\tat org.testng.TestRunner.run(TestRunner.java:505)\n\tat org.testng.SuiteRunner.runTest(SuiteRunner.java:455)\n\tat org.testng.SuiteRunner.runSequentially(SuiteRunner.java:450)\n\tat org.testng.SuiteRunner.privateRun(SuiteRunner.java:415)\n\tat org.testng.SuiteRunner.run(SuiteRunner.java:364)\n\tat org.testng.SuiteRunnerWorker.runSuite(SuiteRunnerWorker.java:52)\n\tat org.testng.SuiteRunnerWorker.run(SuiteRunnerWorker.java:84)\n\tat org.testng.TestNG.runSuitesSequentially(TestNG.java:1208)\n\tat org.testng.TestNG.runSuitesLocally(TestNG.java:1137)\n\tat org.testng.TestNG.runSuites(TestNG.java:1049)\n\tat org.testng.TestNG.run(TestNG.java:1017)\n\tat com.intellij.rt.testng.IDEARemoteTestNG.run(IDEARemoteTestNG.java:66)\n\tat com.intellij.rt.testng.RemoteTestNGStarter.main(RemoteTestNGStarter.java:110)\n"},"stage":"finished","steps":[{"name":"Go to Odoo Login Page","status":"passed","stage":"finished","steps":[],"attachments":[],"parameters":[],"start":1575802496334,"stop":1575802496550},{"name":"value or Regex","status":"failed","statusDetails":{"known":false,"muted":false,"flaky":false,"message":"expected [01122a113f7377a85655c778b1143914eaa38884o] but found [12314743a98304cdda439493dc0355b64503b2fbo]","trace":"java.lang.AssertionError: expected [01122a113f7377a85655c778b1143914eaa38884o] but found [12314743a98304cdda439493dc0355b64503b2fbo]\n\tat org.testng.Assert.fail(Assert.java:96)\n\tat org.testng.Assert.failNotEquals(Assert.java:776)\n\tat org.testng.Assert.assertEqualsImpl(Assert.java:137)\n\tat org.testng.Assert.assertEquals(Assert.java:118)\n\tat org.testng.Assert.assertEquals(Assert.java:453)\n\tat org.testng.Assert.assertEquals(Assert.java:463)\n\tat librarytest.pages.LoginPage.getCSRFToken(LoginPage.java:102)\n\tat librarytest.testsuit.UnitTest.TC14(UnitTest.java:118)\n\tat java.base/jdk.internal.reflect.NativeMethodAccessorImpl.invoke0(Native Method)\n\tat java.base/jdk.internal.reflect.NativeMethodAccessorImpl.invoke(NativeMethodAccessorImpl.java:62)\n\tat java.base/jdk.internal.reflect.DelegatingMethodAccessorImpl.invoke(DelegatingMethodAccessorImpl.java:43)\n\tat java.base/java.lang.reflect.Method.invoke(Method.java:566)\n\tat org.testng.internal.MethodInvocationHelper.invokeMethod(MethodInvocationHelper.java:124)\n\tat org.testng.internal.Invoker.invokeMethod(Invoker.java:583)\n\tat org.testng.internal.Invoker.invokeTestMethod(Invoker.java:719)\n\tat org.testng.internal.Invoker.invokeTestMethods(Invoker.java:989)\n\tat org.testng.internal.TestMethodWorker.invokeTestMethods(TestMethodWorker.java:125)\n\tat org.testng.internal.TestMethodWorker.run(TestMethodWorker.java:109)\n\tat org.testng.TestRunner.privateRun(TestRunner.java:648)\n\tat org.testng.TestRunner.run(TestRunner.java:505)\n\tat org.testng.SuiteRunner.runTest(SuiteRunner.java:455)\n\tat org.testng.SuiteRunner.runSequentially(SuiteRunner.java:450)\n\tat org.testng.SuiteRunner.privateRun(SuiteRunner.java:415)\n\tat org.testng.SuiteRunner.run(SuiteRunner.java:364)\n\tat org.testng.SuiteRunnerWorker.runSuite(SuiteRunnerWorker.java:52)\n\tat org.testng.SuiteRunnerWorker.run(SuiteRunnerWorker.java:84)\n\tat org.testng.TestNG.runSuitesSequentially(TestNG.java:1208)\n\tat org.testng.TestNG.runSuitesLocally(TestNG.java:1137)\n\tat org.testng.TestNG.runSuites(TestNG.java:1049)\n\tat org.testng.TestNG.run(TestNG.java:1017)\n\tat com.intellij.rt.testng.IDEARemoteTestNG.run(IDEARemoteTestNG.java:66)\n\tat com.intellij.rt.testng.RemoteTestNGStarter.main(RemoteTestNGStarter.java:110)\n"},"stage":"finished","steps":[],"attachments":[],"parameters":[],"start":1575802496551,"stop":1575802496554}],"attachments":[],"parameters":[],"start":1575802496333,"stop":1575802496555,"uuid":"1fd1dd9f-6899-45e9-ab93-1b393cadcc80","historyId":"b3f6e3be6b727cc6ffc2bbde8959bb05","fullName":"librarytest.testsuit.UnitTest.TC14","labels":[{"name":"package","value":"librarytest.testsuit.UnitTest"},{"name":"testClass","value":"librarytest.testsuit.UnitTest"},{"name":"testMethod","value":"TC14"},{"name":"parentSuite","value":"Default Suite"},{"name":"suite","value":"PageObjectPageFactoryActions"},{"name":"subSuite","value":"librarytest.testsuit.UnitTest"},{"name":"host","value":"jeremys-MBP"},{"name":"thread","value":"2156@jeremys-MBP.main(1)"},{"name":"framework","value":"testng"},{"name":"language","value":"java"}],"links":[]}